{"level":"info","message":"   Enabling debugging output ","timestamp":"2016-04-08T06:36:45.533Z"}
{"cwd":"D:\\puerF","path":"D:\\puerF\\test\\tmp\\routes.js","absolute":"D:\\puerF\\test\\tmp\\routes.js","level":"silly","message":"  Created an absolute path","timestamp":"2016-04-08T06:36:45.541Z"}
{"level":"silly","message":"  Load module called with  D:\\puerF\\test\\tmp\\routes.js","timestamp":"2016-04-08T06:36:45.541Z"}
{"level":"debug","message":"  Loading module without cache from  D:\\puerF\\test\\tmp\\routes.js","timestamp":"2016-04-08T06:36:45.544Z"}
{"level":"silly","message":"  Routes file loaded","timestamp":"2016-04-08T06:36:45.544Z"}
{"cwd":"D:\\puerF","path":"D:\\puerF\\test\\tmp\\ftlRoutes.js","absolute":"D:\\puerF\\test\\tmp\\ftlRoutes.js","level":"silly","message":"  Created an absolute path","timestamp":"2016-04-08T06:36:45.544Z"}
{"level":"silly","message":"  Load module called with  D:\\puerF\\test\\tmp\\ftlRoutes.js","timestamp":"2016-04-08T06:36:45.544Z"}
{"level":"debug","message":"  Loading module without cache from  D:\\puerF\\test\\tmp\\ftlRoutes.js","timestamp":"2016-04-08T06:36:45.544Z"}
{"GET /ftl":{"template":"test","data":{"testOK":true,"name":"Tester"}},"level":"silly","message":"  FTLRoutes loaded","timestamp":"2016-04-08T06:36:45.544Z"}
{"GET /ftl":"function(req, res, next) {\n            var data = JSON.parse('{\"testOK\":true,\"name\":\"Tester\"}');\n            fm.render('test', data, function(err, data, out) {\n                res.writeHeader(200, {\n                    \"Content-Type\": \"text/html\"\n                });\n                res.write(data);\n                res.end();\n            });\n        }","level":"silly","message":"  Creating combined file","timestamp":"2016-04-08T06:36:45.544Z"}
{"level":"silly","message":"  Middlestring for combined routes \n\"GET /test\": function () {\r\n        throw new Error('Test error');\r\n    },\n\"GET /ftl\": function(req, res, next) {\n            var data = JSON.parse('{\"testOK\":true,\"name\":\"Tester\"}');\n            fm.render('test', data, function(err, data, out) {\n                res.writeHeader(200, {\n                    \"Content-Type\": \"text/html\"\n                });\n                res.write(data);\n                res.end();\n            });\n        }\n","timestamp":"2016-04-08T06:36:45.544Z"}
{"level":"debug","message":"  Routes files got combined ","timestamp":"2016-04-08T06:36:45.544Z"}
{"level":"silly","message":"  New combined routes file module.exports = {\n\"GET /test\": function () {\r\n        throw new Error('Test error');\r\n    },\n\"GET /ftl\": function(req, res, next) {\n            var data = JSON.parse('{\"testOK\":true,\"name\":\"Tester\"}');\n            fm.render('test', data, function(err, data, out) {\n                res.writeHeader(200, {\n                    \"Content-Type\": \"text/html\"\n                });\n                res.write(data);\n                res.end();\n            });\n        }\n}","timestamp":"2016-04-08T06:36:45.544Z"}
{"level":"silly","message":"  Load module called with  D:\\puerF\\test\\tmp\\allRoutes.js","timestamp":"2016-04-08T06:36:45.554Z"}
{"level":"debug","message":"  Loading module without cache from  D:\\puerF\\test\\tmp\\allRoutes.js","timestamp":"2016-04-08T06:36:45.554Z"}
{"cwd":"D:\\puerF","path":"D:\\puerF\\test\\tmp\\routes.js","absolute":"D:\\puerF\\test\\tmp\\routes.js","level":"silly","message":"  Created an absolute path","timestamp":"2016-04-08T06:36:45.554Z"}
{"level":"silly","message":"  Load module called with  D:\\puerF\\test\\tmp\\routes.js","timestamp":"2016-04-08T06:36:45.554Z"}
{"level":"debug","message":"  Loading module without cache from  D:\\puerF\\test\\tmp\\routes.js","timestamp":"2016-04-08T06:36:45.554Z"}
{"level":"silly","message":"  Routes file loaded","timestamp":"2016-04-08T06:36:45.554Z"}
{"cwd":"D:\\puerF","path":"D:\\puerF\\test\\tmp\\ftlRoutes.js","absolute":"D:\\puerF\\test\\tmp\\ftlRoutes.js","level":"silly","message":"  Created an absolute path","timestamp":"2016-04-08T06:36:45.554Z"}
{"level":"silly","message":"  Load module called with  D:\\puerF\\test\\tmp\\ftlRoutes.js","timestamp":"2016-04-08T06:36:45.554Z"}
{"level":"debug","message":"  Loading module without cache from  D:\\puerF\\test\\tmp\\ftlRoutes.js","timestamp":"2016-04-08T06:36:45.554Z"}
{"GET /ftl":{"template":"test","data":{"testOK":true,"name":"Tester"}},"level":"silly","message":"  FTLRoutes loaded","timestamp":"2016-04-08T06:36:45.554Z"}
{"GET /ftl":"function(req, res, next) {\n            var data = JSON.parse('{\"testOK\":true,\"name\":\"Tester\"}');\n            fm.render('test', data, function(err, data, out) {\n                res.writeHeader(200, {\n                    \"Content-Type\": \"text/html\"\n                });\n                res.write(data);\n                res.end();\n            });\n        }","level":"silly","message":"  Creating combined file","timestamp":"2016-04-08T06:36:45.564Z"}
{"level":"silly","message":"  Middlestring for combined routes \n\"GET /ftl\": function(req, res, next) {\n            var data = JSON.parse('{\"testOK\":true,\"name\":\"Tester\"}');\n            fm.render('test', data, function(err, data, out) {\n                res.writeHeader(200, {\n                    \"Content-Type\": \"text/html\"\n                });\n                res.write(data);\n                res.end();\n            });\n        }\n","timestamp":"2016-04-08T06:36:45.564Z"}
{"level":"debug","message":"  Routes files got combined ","timestamp":"2016-04-08T06:36:45.564Z"}
{"level":"silly","message":"  New combined routes file module.exports = {\n\"GET /ftl\": function(req, res, next) {\n            var data = JSON.parse('{\"testOK\":true,\"name\":\"Tester\"}');\n            fm.render('test', data, function(err, data, out) {\n                res.writeHeader(200, {\n                    \"Content-Type\": \"text/html\"\n                });\n                res.write(data);\n                res.end();\n            });\n        }\n}","timestamp":"2016-04-08T06:36:45.564Z"}
{"level":"silly","message":"  Load module called with  D:\\puerF\\test\\tmp\\allRoutes.js","timestamp":"2016-04-08T06:36:45.569Z"}
{"level":"debug","message":"  Loading module without cache from  D:\\puerF\\test\\tmp\\allRoutes.js","timestamp":"2016-04-08T06:36:45.570Z"}
